# JRE version: Java(TM) SE Runtime Environment (8.0_60-b27) (build 1.8.0_60-b27)
# Java VM: Java HotSpot(TM) 64-Bit Server VM (25.60-b23 mixed mode linux-amd64 compressed oops)
Heap:
 PSYoungGen      total 232960K, used 4134K [0x00000000eab00000, 0x0000000100000000, 0x0000000100000000)
  eden space 116736K, 0% used [0x00000000eab00000,0x00000000eab00000,0x00000000f1d00000)
  from space 116224K, 3% used [0x00000000f8e80000,0x00000000f9289980,0x0000000100000000)
  to   space 116224K, 0% used [0x00000000f1d00000,0x00000000f1d00000,0x00000000f8e80000)
 ParOldGen       total 430592K, used 430321K [0x00000000c0000000, 0x00000000da480000, 0x00000000eab00000)
  object space 430592K, 99% used [0x00000000c0000000,0x00000000da43c718,0x00000000da480000)
 Metaspace       used 6454K, capacity 7282K, committed 7552K, reserved 1056768K
  class space    used 605K, capacity 618K, committed 640K, reserved 1048576K
GC Heap History (10 events):
Event: 10.223 GC heap after
Heap after GC invocations=21 (full 3):
 PSYoungGen      total 230400K, used 91724K [0x00000000eab00000, 0x0000000100000000, 0x0000000100000000)
  eden space 116736K, 0% used [0x00000000eab00000,0x00000000eab00000,0x00000000f1d00000)
  from space 113664K, 80% used [0x00000000f9100000,0x00000000fea933d8,0x0000000100000000)
  to   space 116224K, 0% used [0x00000000f1d00000,0x00000000f1d00000,0x00000000f8e80000)
 ParOldGen       total 430592K, used 272687K [0x00000000c0000000, 0x00000000da480000, 0x00000000eab00000)
  object space 430592K, 63% used [0x00000000c0000000,0x00000000d0a4bd38,0x00000000da480000)
 Metaspace       used 6454K, capacity 7282K, committed 7552K, reserved 1056768K
  class space    used 605K, capacity 618K, committed 640K, reserved 1048576K
}
Event: 10.425 GC heap before
{Heap before GC invocations=22 (full 3):
 PSYoungGen      total 230400K, used 208460K [0x00000000eab00000, 0x0000000100000000, 0x0000000100000000)
  eden space 116736K, 100% used [0x00000000eab00000,0x00000000f1d00000,0x00000000f1d00000)
  from space 113664K, 80% used [0x00000000f9100000,0x00000000fea933d8,0x0000000100000000)
  to   space 116224K, 0% used [0x00000000f1d00000,0x00000000f1d00000,0x00000000f8e80000)
 ParOldGen       total 430592K, used 272687K [0x00000000c0000000, 0x00000000da480000, 0x00000000eab00000)
  object space 430592K, 63% used [0x00000000c0000000,0x00000000d0a4bd38,0x00000000da480000)
 Metaspace       used 6454K, capacity 7282K, committed 7552K, reserved 1056768K
  class space    used 605K, capacity 618K, committed 640K, reserved 1048576K
Event: 10.520 GC heap after
Heap after GC invocations=22 (full 3):
 PSYoungGen      total 232960K, used 85828K [0x00000000eab00000, 0x0000000100000000, 0x0000000100000000)
  eden space 116736K, 0% used [0x00000000eab00000,0x00000000eab00000,0x00000000f1d00000)
  from space 116224K, 73% used [0x00000000f1d00000,0x00000000f70d1088,0x00000000f8e80000)
  to   space 116224K, 0% used [0x00000000f8e80000,0x00000000f8e80000,0x0000000100000000)
 ParOldGen       total 430592K, used 297086K [0x00000000c0000000, 0x00000000da480000, 0x00000000eab00000)
  object space 430592K, 68% used [0x00000000c0000000,0x00000000d221fb40,0x00000000da480000)
 Metaspace       used 6454K, capacity 7282K, committed 7552K, reserved 1056768K
  class space    used 605K, capacity 618K, committed 640K, reserved 1048576K
}
Event: 10.815 GC heap before
{Heap before GC invocations=23 (full 3):
 PSYoungGen      total 232960K, used 202564K [0x00000000eab00000, 0x0000000100000000, 0x0000000100000000)
  eden space 116736K, 100% used [0x00000000eab00000,0x00000000f1d00000,0x00000000f1d00000)
  from space 116224K, 73% used [0x00000000f1d00000,0x00000000f70d1088,0x00000000f8e80000)
  to   space 116224K, 0% used [0x00000000f8e80000,0x00000000f8e80000,0x0000000100000000)
 ParOldGen       total 430592K, used 297086K [0x00000000c0000000, 0x00000000da480000, 0x00000000eab00000)
  object space 430592K, 68% used [0x00000000c0000000,0x00000000d221fb40,0x00000000da480000)
 Metaspace       used 6454K, capacity 7282K, committed 7552K, reserved 1056768K
  class space    used 605K, capacity 618K, committed 640K, reserved 1048576K
Event: 10.896 GC heap after
Heap after GC invocations=23 (full 3):
 PSYoungGen      total 232960K, used 74170K [0x00000000eab00000, 0x0000000100000000, 0x0000000100000000)
  eden space 116736K, 0% used [0x00000000eab00000,0x00000000eab00000,0x00000000f1d00000)
  from space 116224K, 63% used [0x00000000f8e80000,0x00000000fd6eeaf8,0x0000000100000000)
  to   space 116224K, 0% used [0x00000000f1d00000,0x00000000f1d00000,0x00000000f8e80000)
 ParOldGen       total 430592K, used 326602K [0x00000000c0000000, 0x00000000da480000, 0x00000000eab00000)
  object space 430592K, 75% used [0x00000000c0000000,0x00000000d3ef2820,0x00000000da480000)
 Metaspace       used 6454K, capacity 7282K, committed 7552K, reserved 1056768K
  class space    used 605K, capacity 618K, committed 640K, reserved 1048576K
}
Event: 11.098 GC heap before
{Heap before GC invocations=24 (full 3):
 PSYoungGen      total 232960K, used 190906K [0x00000000eab00000, 0x0000000100000000, 0x0000000100000000)
  eden space 116736K, 100% used [0x00000000eab00000,0x00000000f1d00000,0x00000000f1d00000)
  from space 116224K, 63% used [0x00000000f8e80000,0x00000000fd6eeaf8,0x0000000100000000)
  to   space 116224K, 0% used [0x00000000f1d00000,0x00000000f1d00000,0x00000000f8e80000)
 ParOldGen       total 430592K, used 326602K [0x00000000c0000000, 0x00000000da480000, 0x00000000eab00000)
  object space 430592K, 75% used [0x00000000c0000000,0x00000000d3ef2820,0x00000000da480000)
 Metaspace       used 6454K, capacity 7282K, committed 7552K, reserved 1056768K
  class space    used 605K, capacity 618K, committed 640K, reserved 1048576K
Event: 11.729 GC heap after
Heap after GC invocations=24 (full 3):
 PSYoungGen      total 232960K, used 54876K [0x00000000eab00000, 0x0000000100000000, 0x0000000100000000)
  eden space 116736K, 0% used [0x00000000eab00000,0x00000000eab00000,0x00000000f1d00000)
  from space 116224K, 47% used [0x00000000f1d00000,0x00000000f5297040,0x00000000f8e80000)
  to   space 116224K, 0% used [0x00000000f8e80000,0x00000000f8e80000,0x0000000100000000)
 ParOldGen       total 430592K, used 363955K [0x00000000c0000000, 0x00000000da480000, 0x00000000eab00000)
  object space 430592K, 84% used [0x00000000c0000000,0x00000000d636cfc8,0x00000000da480000)
 Metaspace       used 6454K, capacity 7282K, committed 7552K, reserved 1056768K
  class space    used 605K, capacity 618K, committed 640K, reserved 1048576K
}
Event: 11.960 GC heap before
{Heap before GC invocations=25 (full 3):
 PSYoungGen      total 232960K, used 171612K [0x00000000eab00000, 0x0000000100000000, 0x0000000100000000)
  eden space 116736K, 100% used [0x00000000eab00000,0x00000000f1d00000,0x00000000f1d00000)
  from space 116224K, 47% used [0x00000000f1d00000,0x00000000f5297040,0x00000000f8e80000)
  to   space 116224K, 0% used [0x00000000f8e80000,0x00000000f8e80000,0x0000000100000000)
 ParOldGen       total 430592K, used 363955K [0x00000000c0000000, 0x00000000da480000, 0x00000000eab00000)
  object space 430592K, 84% used [0x00000000c0000000,0x00000000d636cfc8,0x00000000da480000)
 Metaspace       used 6454K, capacity 7282K, committed 7552K, reserved 1056768K
  class space    used 605K, capacity 618K, committed 640K, reserved 1048576K
Event: 14.427 GC heap after
Heap after GC invocations=25 (full 3):
 PSYoungGen      total 232960K, used 36561K [0x00000000eab00000, 0x0000000100000000, 0x0000000100000000)
  eden space 116736K, 0% used [0x00000000eab00000,0x00000000eab00000,0x00000000f1d00000)
  from space 116224K, 31% used [0x00000000f8e80000,0x00000000fb234478,0x0000000100000000)
  to   space 116224K, 0% used [0x00000000f1d00000,0x00000000f1d00000,0x00000000f8e80000)
 ParOldGen       total 430592K, used 400231K [0x00000000c0000000, 0x00000000da480000, 0x00000000eab00000)
  object space 430592K, 92% used [0x00000000c0000000,0x00000000d86d9e38,0x00000000da480000)
 Metaspace       used 6454K, capacity 7282K, committed 7552K, reserved 1056768K
  class space    used 605K, capacity 618K, committed 640K, reserved 1048576K
}
Event: 14.436 GC heap before
{Heap before GC invocations=26 (full 4):
 PSYoungGen      total 232960K, used 36561K [0x00000000eab00000, 0x0000000100000000, 0x0000000100000000)
  eden space 116736K, 0% used [0x00000000eab00000,0x00000000eab00000,0x00000000f1d00000)
  from space 116224K, 31% used [0x00000000f8e80000,0x00000000fb234478,0x0000000100000000)
  to   space 116224K, 0% used [0x00000000f1d00000,0x00000000f1d00000,0x00000000f8e80000)
 ParOldGen       total 430592K, used 400231K [0x00000000c0000000, 0x00000000da480000, 0x00000000eab00000)
  object space 430592K, 92% used [0x00000000c0000000,0x00000000d86d9e38,0x00000000da480000)
 Metaspace       used 6454K, capacity 7282K, committed 7552K, reserved 1056768K
  class space    used 605K, capacity 618K, committed 640K, reserved 1048576K

